<?xml version="1.0" encoding="UTF-8"?>
<testsuite name="RunnerAll" tests="1" skipped="0" failures="0" errors="0" timestamp="2023-03-05T01:51:31" hostname="LAPTOP-NLQRV5VN" time="8.914">
  <properties/>
  <testcase name="testParalel()" classname="RunnerAll" time="8.914"/>
  <system-out><![CDATA[20:51:32.962 [Test worker] INFO com.intuit.karate.Suite - backed up existing 'build\karate-reports' dir to: build\karate-reports_1677981092962
20:51:32.993 [Test worker] DEBUG com.intuit.karate.Suite - waiting for 3 features to complete
20:51:34.728 [pool-1-thread-1] INFO c.intuit.karate.core.FeatureRuntime - classpath:LuloBanck/Delete/../Get/get.feature - call by tag at line 15: parallel
20:51:35.525 [pool-1-thread-1] DEBUG com.intuit.karate - request:
1 > GET https://dummyapi.io/data/v1/user?limit=47&page=1
1 > app-id: 64013f90bb1e4f20bc431c5c
1 > User-Agent: PostmanRuntime/7.26.8
1 > Accept: */*
1 > Postman-Token: eb674846-89dd-4bcc-aed0-f62e936eff3c
1 > Host: dummyapi.io
1 > Accept-Encoding: gzip, deflate, br
1 > Connection: keep-alive


20:51:35.525 [pool-1-thread-2] DEBUG com.intuit.karate - request:
1 > GET https://dummyapi.io/data/v1/user?limit=18&page=1
1 > User-Agent: PostmanRuntime/7.26.8
1 > Accept: */*
1 > Postman-Token: eb674846-89dd-4bcc-aed0-f62e936eff3c
1 > Host: dummyapi.io
1 > Accept-Encoding: gzip, deflate, br
1 > Connection: keep-alive
1 > app-id: 64013f90bb1e4f20bc431c5c


20:51:35.541 [pool-1-thread-3] DEBUG com.intuit.karate - request:
1 > POST https://dummyapi.io/data/v1/user/create
1 > User-Agent: PostmanRuntime/7.26.8
1 > Accept: */*
1 > Postman-Token: 7bd0c0d7-dcc7-47b2-a1b0-7133a3d05f28
1 > Host: dummyapi.io
1 > Accept-Encoding: gzip, deflate, br
1 > Connection: keep-alive
1 > app-id: 64013f90bb1e4f20bc431c5c
1 > Content-Type: application/json; charset=UTF-8
1 > Content-Length: 191
{"title":"mr","firstName":"Jane","lastName":"Zapata","email":"andres_bd72d91d-a970-40cd-90fc-9f8f99b734cf@yopmail.com","picture":"https:\/\/randomuser.me\/api\/portraits\/med\/women\/56.jpg"}

20:51:36.147 [pool-1-thread-2] DEBUG com.intuit.karate - response time in milliseconds: 606
1 < 200
1 < Connection: keep-alive
1 < Content-Length: 2800
1 < Access-Control-Allow-Origin: *
1 < Cache-Control: private
1 < Content-Type: application/json; charset=utf-8
1 < Etag: W/"af0-7SKmASbMwiSKOy/41+MWKe/WkGo"
1 < Function-Execution-Id: c9wr1k1w2ui1
1 < Server: Google Frontend
1 < Strict-Transport-Security: max-age=31556926
1 < X-Cloud-Trace-Context: 156fe90f93f77c81f1cccb3a980a02dc;o=1
1 < X-Country-Code: CO
1 < Accept-Ranges: bytes
1 < Date: Sun, 05 Mar 2023 01:51:38 GMT
1 < X-Served-By: cache-bog2260023-BOG
1 < X-Cache: MISS
1 < X-Cache-Hits: 0
1 < X-Timer: S1677981098.773228,VS0,VE245
1 < Vary: cookie,need-authorization, x-fh-requested-host, accept-encoding
1 < alt-svc: h3=":443";ma=86400,h3-29=":443";ma=86400,h3-27=":443";ma=86400
{"data":[{"id":"60d0fe4f5311236168a10a05","title":"miss","firstName":"Andres PPRUEBA","lastName":"Andres","picture":"https://randomuser.me/api/portraits/med/women/56.jpg"},{"id":"60d0fe4f5311236168a10a06","title":"dr","firstName":"Alice","lastName":"Brown","picture":"https://randomuser.me/api/portraits/med/women/85.jpg"},{"id":"60d0fe4f5311236168a10a07","title":"mr","firstName":"Sigmund","lastName":"Myran","picture":"https://randomuser.me/api/portraits/med/men/61.jpg"},{"id":"60d0fe4f5311236168a10a09","title":"miss","firstName":"Clea","lastName":"Dubois","picture":"https://randomuser.me/api/portraits/med/women/11.jpg"},{"id":"60d0fe4f5311236168a10a0b","title":"miss","firstName":"Margarita","lastName":"Vicente","picture":"https://randomuser.me/api/portraits/med/women/5.jpg"},{"id":"60d0fe4f5311236168a10a0e","title":"ms","firstName":"Eve","lastName":"Smith","picture":"https://randomuser.me/api/portraits/med/men/74.jpg"},{"id":"60d0fe4f5311236168a10a0f","title":"mr","firstName":"Kaya","lastName":"Basoglu","picture":"https://randomuser.me/api/portraits/med/men/59.jpg"},{"id":"60d0fe4f5311236168a10a15","title":"mrs","firstName":"Frank","lastName":"Smith","picture":"https://randomuser.me/api/portraits/med/men/14.jpg"},{"id":"60d0fe4f5311236168a10a19","title":"ms","firstName":"Robert","lastName":"Gomez","picture":"https://randomuser.me/api/portraits/med/women/86.jpg"},{"id":"60d0fe4f5311236168a10a21","title":"miss","firstName":"Constance","lastName":"Bourgeois","picture":"https://randomuser.me/api/portraits/med/women/87.jpg"},{"id":"60d0fe4f5311236168a10a25","title":"ms","firstName":"Kitty","lastName":"Steward","picture":"https://randomuser.me/api/portraits/med/women/78.jpg"},{"id":"60d0fe4f5311236168a10a26","title":"miss","firstName":"Alice","lastName":"Lee","picture":"https://randomuser.me/api/portraits/med/men/53.jpg"},{"id":"60d0fe4f5311236168a10a27","title":"mr","firstName":"Tomothy","lastName":"Hawkins","picture":"https://randomuser.me/api/portraits/med/men/48.jpg"},{"id":"60d0fe4f5311236168a10a29","title":"ms","firstName":"Vanessa","lastName":"Ramos","picture":"https://randomuser.me/api/portraits/med/women/33.jpg"},{"id":"60d0fe4f5311236168a10a2a","title":"mrs","firstName":"Susie","lastName":"Harrison","picture":"https://randomuser.me/api/portraits/med/women/20.jpg"},{"id":"60d0fe4f5311236168a10a2b","title":"mrs","firstName":"Bob","lastName":"Taylor","picture":"https://randomuser.me/api/portraits/med/women/53.jpg"},{"id":"60d0fe4f5311236168a10a2c","title":"mr","firstName":"Toralf","lastName":"Streicher","picture":"https://randomuser.me/api/portraits/med/men/80.jpg"},{"id":"64028c714d4c6dca9e46700d","title":"dr","firstName":"Charlie","lastName":"Garcia","picture":"https://randomuser.me/api/portraits/med/women/56.jpg"}],"total":134,"page":1,"limit":18}

20:51:36.147 [pool-1-thread-1] DEBUG com.intuit.karate - response time in milliseconds: 606
1 < 200
1 < Connection: keep-alive
1 < Content-Length: 7187
1 < Access-Control-Allow-Origin: *
1 < Cache-Control: private
1 < Content-Type: application/json; charset=utf-8
1 < Etag: W/"1c13-/IuvgoNN3XkHJJQMp28EQAqoOtk"
1 < Function-Execution-Id: 0aq6di6uln21
1 < Server: Google Frontend
1 < Strict-Transport-Security: max-age=31556926
1 < X-Cloud-Trace-Context: 1d4f21412e00ec38d8d37cf1b669861a;o=1
1 < X-Country-Code: CO
1 < Accept-Ranges: bytes
1 < Date: Sun, 05 Mar 2023 01:51:38 GMT
1 < X-Served-By: cache-bog2260030-BOG
1 < X-Cache: MISS
1 < X-Cache-Hits: 0
1 < X-Timer: S1677981098.773144,VS0,VE247
1 < Vary: cookie,need-authorization, x-fh-requested-host, accept-encoding
1 < alt-svc: h3=":443";ma=86400,h3-29=":443";ma=86400,h3-27=":443";ma=86400
{"data":[{"id":"6402d6b0635d5cdd8ff0d92b","title":"mrs","firstName":"Bob","lastName":"Brown","picture":"https://randomuser.me/api/portraits/med/women/56.jpg"},{"id":"6402d6e0635d5cb847f0d959","title":"miss","firstName":"Bob","lastName":"Taylor","picture":"https://randomuser.me/api/portraits/med/women/56.jpg"},{"id":"6402d764635d5c212cf0d987","title":"mrs","firstName":"David","lastName":"Sanchez","picture":"https://randomuser.me/api/portraits/med/women/56.jpg"},{"id":"6402dde5635d5c8656f0d9e3","title":"dr","firstName":"Frank","lastName":"Johnson","picture":"https://randomuser.me/api/portraits/med/women/56.jpg"},{"id":"64036cdf664f6e58bffa8d0c","title":"ms","firstName":"Bob","lastName":"Smith","picture":"https://randomuser.me/api/portraits/med/women/56.jpg"},{"id":"64036cf2664f6e414ffa8d3a","title":"mr","firstName":"Bob","lastName":"Garcia","picture":"https://randomuser.me/api/portraits/med/women/56.jpg"},{"id":"64036d0a664f6e5447fa8d70","title":"dr","firstName":"Grace","lastName":"Lee","picture":"https://randomuser.me/api/portraits/med/women/56.jpg"},{"id":"6403725c664f6ecccafaa199","title":"miss","firstName":"Bob","lastName":"Johnson","picture":"https://randomuser.me/api/portraits/med/women/56.jpg"},{"id":"64037286664f6ef875faa2ca","title":"mrs","firstName":"Eve","lastName":"Johnson","picture":"https://randomuser.me/api/portraits/med/women/56.jpg"},{"id":"64037b5b664f6e3b23fab600","title":"ms","firstName":"Frank","lastName":"Taylor","picture":"https://randomuser.me/api/portraits/med/women/56.jpg"},{"id":"64037ca5664f6e830bfab9b0","title":"ms","firstName":"Bob","lastName":"Lee","picture":"https://randomuser.me/api/portraits/med/women/56.jpg"},{"id":"64037cea664f6e4db8fab9d3","title":"ms","firstName":"Charlie","lastName":"Taylor","picture":"https://randomuser.me/api/portraits/med/women/56.jpg"},{"id":"64037d4e664f6e6507faba28","title":"mr","firstName":"Frank","lastName":"Taylor","picture":"https://randomuser.me/api/portraits/med/women/56.jpg"},{"id":"64037db3664f6e32affaba61","title":"mrs","firstName":"David","lastName":"Johnson","picture":"https://randomuser.me/api/portraits/med/women/56.jpg"},{"id":"64037f19664f6e6e60fabaef","title":"mrs","firstName":"Alice","lastName":"Taylor","picture":"https://randomuser.me/api/portraits/med/women/56.jpg"},{"id":"64037f3d664f6e3339fabc05","title":"mr","firstName":"Frank","lastName":"Gomez","picture":"https://randomuser.me/api/portraits/med/women/56.jpg"},{"id":"64037f40664f6e7e70fabc1d","title":"mrs","firstName":"Andres","lastName":"Garcia","picture":"https://randomuser.me/api/portraits/med/women/56.jpg"},{"id":"64037f77664f6e405dfabc31","title":"miss","firstName":"Eve","lastName":"Taylor","picture":"https://randomuser.me/api/portraits/med/women/56.jpg"},{"id":"64038218664f6e71eafabe81","title":"miss","firstName":"Frank","lastName":"Garcia","picture":"https://randomuser.me/api/portraits/med/women/56.jpg"},{"id":"64038849664f6e484bfabfb0","title":"mrs","firstName":"Bob","lastName":"Garcia","picture":"https://randomuser.me/api/portraits/med/women/56.jpg"},{"id":"64038f34664f6e9ef3fac75f","title":"mrs","firstName":"David","lastName":"Smith","picture":"https://randomuser.me/api/portraits/med/women/56.jpg"},{"id":"640390f2664f6e3920fac8df","title":"dr","firstName":"Bob","lastName":"Garcia","picture":"https://randomuser.me/api/portraits/med/women/56.jpg"},{"id":"640391ba43b79d3efb33821d","title":"mrs","firstName":"Charlie","lastName":"Johnson","picture":"https://randomuser.me/api/portraits/med/women/56.jpg"},{"id":"640391d243b79d17a333824d","title":"mr","firstName":"Eve","lastName":"Lee","picture":"https://randomuser.me/api/portraits/med/women/56.jpg"},{"id":"64039285664f6e25c6faca51","title":"ms","firstName":"David","lastName":"Brown","picture":"https://randomuser.me/api/portraits/med/women/56.jpg"},{"id":"6403930b664f6e729afacac3","title":"ms","firstName":"Charlie","lastName":"Smith","picture":"https://randomuser.me/api/portraits/med/women/56.jpg"},{"id":"6403957a43b79dd85933830a","title":"ms","firstName":"Bob","lastName":"Smith","picture":"https://randomuser.me/api/portraits/med/women/56.jpg"},{"id":"640395a5664f6edc14facb9c","title":"mr","firstName":"Eve","lastName":"Taylor","picture":"https://randomuser.me/api/portraits/med/women/56.jpg"},{"id":"6403961b664f6e9e08faccc9","title":"mr","firstName":"David","lastName":"Lee","picture":"https://randomuser.me/api/portraits/med/women/56.jpg"},{"id":"64039892664f6e149dface88","title":"miss","firstName":"Charlie","lastName":"Smith","picture":"https://randomuser.me/api/portraits/med/women/56.jpg"},{"id":"64039dd9664f6e8276fad2f8","title":"mr","firstName":"Grace","lastName":"Brown","picture":"https://randomuser.me/api/portraits/med/women/56.jpg"},{"id":"64039e26664f6ebd58fad482","title":"ms","firstName":"Frank","lastName":"Johnson","picture":"https://randomuser.me/api/portraits/med/women/56.jpg"},{"id":"6403a5a6664f6e449cfaee08","title":"ms","firstName":"Grace","lastName":"Garcia","picture":"https://randomuser.me/api/portraits/med/women/56.jpg"},{"id":"6403a617664f6e2fdafaf066","title":"mrs","firstName":"Grace","lastName":"Johnson","picture":"https://randomuser.me/api/portraits/med/women/56.jpg"},{"id":"6403a69843b79dc26b3385f4","title":"mrs","firstName":"Grace","lastName":"Smith","picture":"https://randomuser.me/api/portraits/med/women/56.jpg"},{"id":"6403a6b9664f6e3d8afaf0ce","title":"ms","firstName":"Alice","lastName":"Taylor","picture":"https://randomuser.me/api/portraits/med/women/56.jpg"},{"id":"6403a784664f6e3af1faf17f","title":"dr","firstName":"Alice","lastName":"Lee","picture":"https://randomuser.me/api/portraits/med/women/56.jpg"},{"id":"6403a79b664f6e15cafaf202","title":"mrs","firstName":"Charlie","lastName":"Lee","picture":"https://randomuser.me/api/portraits/med/women/56.jpg"},{"id":"6403b1d0664f6e46ddfaf442","title":"miss","firstName":"Alice","lastName":"Lee","picture":"https://randomuser.me/api/portraits/med/women/56.jpg"},{"id":"6403b1ea664f6e88e0faf4a0","title":"dr","firstName":"Frank","lastName":"Taylor","picture":"https://randomuser.me/api/portraits/med/women/56.jpg"},{"id":"6403bd8bc36f73652be786be","title":"mr","firstName":"sasaas","lastName":"Andres","picture":"https://randomuser.me/api/portraits/med/women/56.jpg"},{"id":"6403c037c36f733b9ee78787","title":"mr","firstName":"Rodriguez","lastName":"#(randomLastName)","picture":"https://randomuser.me/api/portraits/med/women/56.jpg"},{"id":"6403c089c36f73ae78e78798","title":"mr","firstName":"Mark","lastName":"Zapata","picture":"https://randomuser.me/api/portraits/med/women/56.jpg"},{"id":"6403d56dd82b1d73b122464b","title":"mr","firstName":"Jane","lastName":"Restrepo","picture":"https://randomuser.me/api/portraits/med/women/56.jpg"},{"id":"6403da28c36f73db6ae78ea3","title":"mr","firstName":"David","lastName":"Orozco","picture":"https://randomuser.me/api/portraits/med/women/56.jpg"},{"id":"6403db82c36f73740ee78eb6","title":"mr","firstName":"Lisa","lastName":"Orozco","picture":"https://randomuser.me/api/portraits/med/women/56.jpg"},{"id":"6403dbedc36f73f017e78ecc","title":"mr","firstName":"Karen","lastName":"lopera","picture":"https://randomuser.me/api/portraits/med/women/56.jpg"}],"total":134,"page":1,"limit":47}

20:51:36.226 [pool-1-thread-1] DEBUG com.intuit.karate - request:
2 > DELETE https://dummyapi.io/data/v1/user/6402d6b0635d5cdd8ff0d92b
2 > app-id: 64013f90bb1e4f20bc431c5c
2 > User-Agent: PostmanRuntime/7.26.8
2 > Accept: */*
2 > Postman-Token: eb674846-89dd-4bcc-aed0-f62e936eff3c
2 > Host: dummyapi.io
2 > Accept-Encoding: gzip, deflate, br
2 > Connection: keep-alive


20:51:36.460 [pool-1-thread-1] DEBUG com.intuit.karate - response time in milliseconds: 234
2 < 200
2 < Connection: keep-alive
2 < Content-Length: 33
2 < Access-Control-Allow-Origin: *
2 < Cache-Control: private
2 < Content-Type: application/json; charset=utf-8
2 < Etag: W/"21-wXdANYkUOPH53+y7441rVtuZDi8"
2 < Function-Execution-Id: 0aq6bhbhhx48
2 < Server: Google Frontend
2 < Strict-Transport-Security: max-age=31556926
2 < X-Cloud-Trace-Context: 848f0eabd4fb4aa22e6ae2ed25e7bb33
2 < X-Country-Code: CO
2 < Accept-Ranges: bytes
2 < Date: Sun, 05 Mar 2023 01:51:38 GMT
2 < X-Served-By: cache-bog2260036-BOG
2 < X-Cache: MISS
2 < X-Cache-Hits: 0
2 < X-Timer: S1677981098.194985,VS0,VE151
2 < Vary: cookie,need-authorization, x-fh-requested-host, accept-encoding
2 < alt-svc: h3=":443";ma=86400,h3-29=":443";ma=86400,h3-27=":443";ma=86400
{"id":"6402d6b0635d5cdd8ff0d92b"}

---------------------------------------------------------
feature: classpath:LuloBanck/Delete/delete.feature
scenarios:  1 | passed:  1 | failed:  0 | time: 1,7579
---------------------------------------------------------

20:51:37.742 [pool-2-thread-1] INFO com.intuit.karate.Suite - <<pass>> feature 1 of 3 (2 remaining) classpath:LuloBanck/Delete/delete.feature
---------------------------------------------------------
feature: classpath:LuloBanck/Get/get.feature
scenarios:  1 | passed:  1 | failed:  0 | time: 1,4815
---------------------------------------------------------

20:51:37.851 [pool-2-thread-1] INFO com.intuit.karate.Suite - <<pass>> feature 2 of 3 (1 remaining) classpath:LuloBanck/Get/get.feature
20:51:38.867 [pool-1-thread-3] DEBUG com.intuit.karate - response time in milliseconds: 3326
1 < 200
1 < Connection: keep-alive
1 < Content-Length: 299
1 < Access-Control-Allow-Origin: *
1 < Cache-Control: private
1 < Content-Type: application/json; charset=utf-8
1 < Etag: W/"12b-mxkjVNpYO4hdc0UZxh+FUKCgm+E"
1 < Function-Execution-Id: dz6yma9gph63
1 < Server: Google Frontend
1 < Strict-Transport-Security: max-age=31556926
1 < X-Cloud-Trace-Context: 37d5fc5db913845afc5853d5ef4f8289;o=1
1 < X-Country-Code: CO
1 < Accept-Ranges: bytes
1 < Date: Sun, 05 Mar 2023 01:51:40 GMT
1 < X-Served-By: cache-bog2260030-BOG
1 < X-Cache: MISS
1 < X-Cache-Hits: 0
1 < X-Timer: S1677981098.773774,VS0,VE2969
1 < Vary: cookie,need-authorization, x-fh-requested-host, accept-encoding
1 < alt-svc: h3=":443";ma=86400,h3-29=":443";ma=86400,h3-27=":443";ma=86400
{"id":"6403f5acdba9c129a7e9dc41","title":"mr","firstName":"Jane","lastName":"Zapata","picture":"https://randomuser.me/api/portraits/med/women/56.jpg","email":"andres_bd72d91d-a970-40cd-90fc-9f8f99b734cf@yopmail.com","registerDate":"2023-03-05T01:51:40.648Z","updatedDate":"2023-03-05T01:51:40.648Z"}

---------------------------------------------------------
feature: classpath:LuloBanck/Post/post.feature
scenarios:  1 | passed:  1 | failed:  0 | time: 4,1556
---------------------------------------------------------

20:51:38.955 [pool-2-thread-1] INFO com.intuit.karate.Suite - <<pass>> feature 3 of 3 (0 remaining) classpath:LuloBanck/Post/post.feature
Karate version: 1.2.0.RC5
======================================================
elapsed:   7,31 | threads:    4 | thread time: 7,40 
features:     3 | skipped:    0 | efficiency: 0,25
scenarios:    3 | passed:     3 | failed: 0
======================================================

HTML report: (paste into browser to view) | Karate version: 1.2.0.RC5
file:///C:/Users/handr/IdeaProjects/Karate_LuloBanck/build/karate-reports/karate-summary.html
===================================================================

]]></system-out>
  <system-err><![CDATA[mar 04, 2023 8:51:39 PM net.masterthought.cucumber.ReportParser parseJsonFiles
INFORMACIÓN: File 'C:\Users\handr\IdeaProjects\Karate_LuloBanck\build\karate-reports\LuloBanck.Delete.delete.json' contains 1 features
mar 04, 2023 8:51:39 PM net.masterthought.cucumber.ReportParser parseJsonFiles
INFORMACIÓN: File 'C:\Users\handr\IdeaProjects\Karate_LuloBanck\build\karate-reports\LuloBanck.Get.get.json' contains 1 features
mar 04, 2023 8:51:39 PM net.masterthought.cucumber.ReportParser parseJsonFiles
INFORMACIÓN: File 'C:\Users\handr\IdeaProjects\Karate_LuloBanck\build\karate-reports\LuloBanck.Post.post.json' contains 1 features
]]></system-err>
</testsuite>
